<?xml version="1.0" encoding="utf-8" standalone="yes"?>
<Events><Event xmlns='http://schemas.microsoft.com/win/2004/08/events/event'><System><Provider Name='Microsoft-Windows-DNS-Server-Service' Guid='{71a551f5-c893-4849-886b-b5ec8502641e}'/><EventID>2</EventID><Version>0</Version><Level>4</Level><Task>0</Task><Opcode>0</Opcode><Keywords>0x8000000000001000</Keywords><TimeCreated SystemTime='2025-01-02T20:26:12.2145798Z'/><EventRecordID>27</EventRecordID><Correlation/><Execution ProcessID='2448' ThreadID='2652'/><Channel>DNS Server</Channel><Computer>Win-Server-2022</Computer><Security UserID='S-1-5-18'/></System><EventData Name='DNS_EVENT_STARTUP_OK'></EventData><RenderingInfo Culture='en-US'><Message>The DNS server has started.</Message><Level>Information</Level><Task></Task><Opcode>Info</Opcode><Channel></Channel><Provider>Microsoft-Windows-DNS-Server-Service</Provider><Keywords></Keywords></RenderingInfo></Event><Event xmlns='http://schemas.microsoft.com/win/2004/08/events/event'><System><Provider Name='Microsoft-Windows-DNS-Server-Service' Guid='{71a551f5-c893-4849-886b-b5ec8502641e}'/><EventID>4</EventID><Version>0</Version><Level>4</Level><Task>0</Task><Opcode>0</Opcode><Keywords>0x8000000000000010</Keywords><TimeCreated SystemTime='2025-01-02T20:26:11.5179956Z'/><EventRecordID>26</EventRecordID><Correlation/><Execution ProcessID='2448' ThreadID='2652'/><Channel>DNS Server</Channel><Computer>Win-Server-2022</Computer><Security UserID='S-1-5-18'/></System><EventData Name='DNS_EVENT_ZONE_LOAD_COMPLETE'></EventData><RenderingInfo Culture='en-US'><Message>The DNS server has finished the background loading and signing of zones. All zones are now available for DNS updates and zone transfers, as allowed by their individual zone configuration.</Message><Level>Information</Level><Task></Task><Opcode>Info</Opcode><Channel></Channel><Provider>Microsoft-Windows-DNS-Server-Service</Provider><Keywords></Keywords></RenderingInfo></Event><Event xmlns='http://schemas.microsoft.com/win/2004/08/events/event'><System><Provider Name='Microsoft-Windows-DNS-Server-Service' Guid='{71a551f5-c893-4849-886b-b5ec8502641e}'/><EventID>2</EventID><Version>0</Version><Level>4</Level><Task>0</Task><Opcode>0</Opcode><Keywords>0x8000000000001000</Keywords><TimeCreated SystemTime='2025-01-02T18:34:03.3897950Z'/><EventRecordID>12</EventRecordID><Correlation/><Execution ProcessID='2428' ThreadID='2604'/><Channel>DNS Server</Channel><Computer>Win-Server-2022</Computer><Security UserID='S-1-5-18'/></System><EventData Name='DNS_EVENT_STARTUP_OK'></EventData><RenderingInfo Culture='en-US'><Message>The DNS server has started.</Message><Level>Information</Level><Task></Task><Opcode>Info</Opcode><Channel></Channel><Provider>Microsoft-Windows-DNS-Server-Service</Provider><Keywords></Keywords></RenderingInfo></Event><Event xmlns='http://schemas.microsoft.com/win/2004/08/events/event'><System><Provider Name='Microsoft-Windows-DNS-Server-Service' Guid='{71a551f5-c893-4849-886b-b5ec8502641e}'/><EventID>4</EventID><Version>0</Version><Level>4</Level><Task>0</Task><Opcode>0</Opcode><Keywords>0x8000000000000010</Keywords><TimeCreated SystemTime='2025-01-02T18:34:02.8900933Z'/><EventRecordID>11</EventRecordID><Correlation/><Execution ProcessID='2428' ThreadID='2604'/><Channel>DNS Server</Channel><Computer>Win-Server-2022</Computer><Security UserID='S-1-5-18'/></System><EventData Name='DNS_EVENT_ZONE_LOAD_COMPLETE'></EventData><RenderingInfo Culture='en-US'><Message>The DNS server has finished the background loading and signing of zones. All zones are now available for DNS updates and zone transfers, as allowed by their individual zone configuration.</Message><Level>Information</Level><Task></Task><Opcode>Info</Opcode><Channel></Channel><Provider>Microsoft-Windows-DNS-Server-Service</Provider><Keywords></Keywords></RenderingInfo></Event><Event xmlns='http://schemas.microsoft.com/win/2004/08/events/event'><System><Provider Name='Microsoft-Windows-DNS-Server-Service' Guid='{71a551f5-c893-4849-886b-b5ec8502641e}'/><EventID>2</EventID><Version>0</Version><Level>4</Level><Task>0</Task><Opcode>0</Opcode><Keywords>0x8000000000001000</Keywords><TimeCreated SystemTime='2025-01-02T15:46:16.3802890Z'/><EventRecordID>1</EventRecordID><Correlation/><Execution ProcessID='5196' ThreadID='2968'/><Channel>DNS Server</Channel><Computer>Win-Server-2022</Computer><Security UserID='S-1-5-18'/></System><EventData Name='DNS_EVENT_STARTUP_OK'></EventData><RenderingInfo Culture='en-US'><Message>The DNS server has started.</Message><Level>Information</Level><Task></Task><Opcode>Info</Opcode><Channel></Channel><Provider>Microsoft-Windows-DNS-Server-Service</Provider><Keywords></Keywords></RenderingInfo></Event></Events>